  [1m[36m (0.1ms)[0m  [1mselect sqlite_version(*)[0m
  [1m[35m (1.5ms)[0m  CREATE TABLE "schema_migrations" ("version" varchar(255) NOT NULL) 
  [1m[36m (22.3ms)[0m  [1mPRAGMA index_list("schema_migrations")[0m
  [1m[35m (1.6ms)[0m  CREATE UNIQUE INDEX "unique_schema_migrations" ON "schema_migrations" ("version")
  [1m[36m (0.1ms)[0m  [1mSELECT "schema_migrations"."version" FROM "schema_migrations" [0m
Migrating to CreateEmails (20110804223859)
  [1m[35m (0.0ms)[0m  begin transaction
  [1m[36m (0.4ms)[0m  [1mCREATE TABLE "emails" ("id" INTEGER PRIMARY KEY AUTOINCREMENT NOT NULL, "from_address" varchar(255) NOT NULL, "to_address" varchar(255), "cc_address" varchar(255), "bcc_address" varchar(255), "reply_to_address" varchar(255), "subject" varchar(255), "content" text, "sent_at" datetime, "created_at" datetime NOT NULL, "updated_at" datetime NOT NULL) [0m
  [1m[35m (0.1ms)[0m  INSERT INTO "schema_migrations" ("version") VALUES ('20110804223859')
  [1m[36m (1.2ms)[0m  [1mcommit transaction[0m
Migrating to CreateDelayedJobs (20110804224806)
  [1m[35m (0.0ms)[0m  begin transaction
  [1m[36m (0.3ms)[0m  [1mCREATE TABLE "delayed_jobs" ("id" INTEGER PRIMARY KEY AUTOINCREMENT NOT NULL, "priority" integer DEFAULT 0, "attempts" integer DEFAULT 0, "handler" text, "last_error" text, "run_at" datetime, "locked_at" datetime, "failed_at" datetime, "locked_by" varchar(255), "created_at" datetime NOT NULL, "updated_at" datetime NOT NULL) [0m
  [1m[35m (0.0ms)[0m  PRAGMA index_list("delayed_jobs")
  [1m[36m (0.1ms)[0m  [1mCREATE INDEX "delayed_jobs_priority" ON "delayed_jobs" ("priority", "run_at")[0m
  [1m[35m (0.1ms)[0m  INSERT INTO "schema_migrations" ("version") VALUES ('20110804224806')
  [1m[36m (2.1ms)[0m  [1mcommit transaction[0m
Migrating to AddQueueToDelayedJobs (20120209150616)
  [1m[35m (0.0ms)[0m  begin transaction
  [1m[36m (19.2ms)[0m  [1mALTER TABLE "delayed_jobs" ADD "queue" varchar(255)[0m
  [1m[35m (0.1ms)[0m  INSERT INTO "schema_migrations" ("version") VALUES ('20120209150616')
  [1m[36m (1.3ms)[0m  [1mcommit transaction[0m
  [1m[35m (0.3ms)[0m  select sqlite_version(*)
  [1m[36m (0.1ms)[0m  [1mSELECT "schema_migrations"."version" FROM "schema_migrations" [0m
  [1m[35m (0.0ms)[0m  PRAGMA index_list("delayed_jobs")
  [1m[36m (0.0ms)[0m  [1mPRAGMA index_info('delayed_jobs_priority')[0m
  [1m[35m (0.0ms)[0m  PRAGMA index_list("emails")
